<?xml version="1.0" encoding="UTF-8"?>
<testng-results ignored="0" total="1" passed="1" failed="0" skipped="0">
  <reporter-output>
  </reporter-output>
  <suite started-at="2022-02-12T19:23:45Z" name="Default suite" finished-at="2022-02-12T19:23:49Z" duration-ms="4296">
    <groups>
    </groups>
    <test started-at="2022-02-12T19:23:45Z" name="Default test" finished-at="2022-02-12T19:23:49Z" duration-ms="4296">
      <class name="com.google.FirstTest">
        <test-method is-config="true" signature="beforeTest()[pri:0, instance:com.google.FirstTest@45a4b042]" started-at="2022-02-12T19:23:45Z" name="beforeTest" finished-at="2022-02-12T19:23:45Z" duration-ms="12" status="PASS">
          <reporter-output>
          </reporter-output>
        </test-method> <!-- beforeTest -->
        <test-method signature="googleTest()[pri:0, instance:com.google.FirstTest@45a4b042]" started-at="2022-02-12T19:23:45Z" name="googleTest" finished-at="2022-02-12T19:23:49Z" duration-ms="4065" status="PASS">
          <reporter-output>
          </reporter-output>
        </test-method> <!-- googleTest -->
        <test-method is-config="true" signature="afterTest()[pri:0, instance:com.google.FirstTest@45a4b042]" started-at="2022-02-12T19:23:49Z" name="afterTest" finished-at="2022-02-12T19:23:49Z" duration-ms="164" status="PASS">
          <reporter-output>
          </reporter-output>
        </test-method> <!-- afterTest -->
      </class> <!-- com.google.FirstTest -->
    </test> <!-- Default test -->
  </suite> <!-- Default suite -->
</testng-results>
