<?xml version="1.0" encoding="UTF-8"?>
<testng-results ignored="4" total="5" passed="1" failed="0" skipped="0">
  <reporter-output>
    <line>
      <![CDATA[Login into Orange HRM Portal]]>
    </line>
    <line>
      <![CDATA[Launching browser...https://opensource-demo.orangehrmlive.com/]]>
    </line>
    <line>
      <![CDATA[Searching username...JC Ramirez6]]>
    </line>
    <line>
      <![CDATA[Validate username JC Ramirez6]]>
    </line>
    <line>
      <![CDATA[Delete user...]]>
    </line>
    <line>
      <![CDATA[Searching username...JC Ramirez6]]>
    </line>
    <line>
      <![CDATA[Verify username not Exist...]]>
    </line>
    <line>
      <![CDATA[Log Out of Orange]]>
    </line>
  </reporter-output>
  <suite started-at="2022-03-11T03:55:59Z" name="Default suite" finished-at="2022-03-11T03:56:12Z" duration-ms="13332">
    <groups>
    </groups>
    <test started-at="2022-03-11T03:55:59Z" name="Default test" finished-at="2022-03-11T03:56:12Z" duration-ms="13332">
      <class name="com.opensource.qa.AdminPOM">
        <test-method is-config="true" signature="beforeTest()[pri:0, instance:com.opensource.qa.AdminPOM@7674b62c]" started-at="2022-03-11T03:55:59Z" name="beforeTest" finished-at="2022-03-11T03:56:02Z" duration-ms="3073" status="PASS">
          <reporter-output>
          </reporter-output>
        </test-method> <!-- beforeTest -->
        <test-method signature="tc004AdminDeleteUserPOM()[pri:0, instance:com.opensource.qa.AdminPOM@7674b62c]" started-at="2022-03-11T03:56:02Z" name="tc004AdminDeleteUserPOM" finished-at="2022-03-11T03:56:12Z" duration-ms="10232" status="PASS">
          <reporter-output>
            <line>
              <![CDATA[Login into Orange HRM Portal]]>
            </line>
            <line>
              <![CDATA[Launching browser...https://opensource-demo.orangehrmlive.com/]]>
            </line>
            <line>
              <![CDATA[Searching username...JC Ramirez6]]>
            </line>
            <line>
              <![CDATA[Validate username JC Ramirez6]]>
            </line>
            <line>
              <![CDATA[Delete user...]]>
            </line>
            <line>
              <![CDATA[Searching username...JC Ramirez6]]>
            </line>
            <line>
              <![CDATA[Verify username not Exist...]]>
            </line>
            <line>
              <![CDATA[Log Out of Orange]]>
            </line>
          </reporter-output>
        </test-method> <!-- tc004AdminDeleteUserPOM -->
        <test-method is-config="true" signature="afterTest()[pri:0, instance:com.opensource.qa.AdminPOM@7674b62c]" started-at="2022-03-11T03:56:12Z" name="afterTest" finished-at="2022-03-11T03:56:12Z" duration-ms="0" status="PASS">
          <reporter-output>
          </reporter-output>
        </test-method> <!-- afterTest -->
      </class> <!-- com.opensource.qa.AdminPOM -->
    </test> <!-- Default test -->
  </suite> <!-- Default suite -->
</testng-results>
