<?xml version="1.0" encoding="UTF-8"?>
<!-- Generated by org.testng.reporters.JUnitXMLReporter -->
<testsuite ignored="4" hostname="MBJR-3.local" failures="0" tests="1" name="Default test" time="13.332" errors="0" timestamp="11 mar 2022 03:56:12 GMT">
  <testcase classname="com.opensource.qa.AdminPOM" name="tc004AdminDeleteUserPOM" time="10.232"/>
  <testcase classname="com.opensource.qa.AdminPOM" name="tc002AdminSearchEmployeeNotExistPOM" time="0.0">
    <ignored/>
  </testcase> <!-- tc002AdminSearchEmployeeNotExistPOM -->
  <testcase classname="com.opensource.qa.AdminPOM" name="tc001AdminSearchEmployeePOM" time="0.0">
    <ignored/>
  </testcase> <!-- tc001AdminSearchEmployeePOM -->
  <testcase classname="com.opensource.qa.AdminPOM" name="tc005CreateUserDisablePOM" time="0.0">
    <ignored/>
  </testcase> <!-- tc005CreateUserDisablePOM -->
  <testcase classname="com.opensource.qa.AdminPOM" name="tc003AdminAddNewUserPOM" time="0.0">
    <ignored/>
  </testcase> <!-- tc003AdminAddNewUserPOM -->
</testsuite> <!-- Default test -->
